This file contains any messages produced by compilers while
running configure, to aid debugging if configure makes a mistake.

It was created by zbar configure 0.10, which was
generated by GNU Autoconf 2.71.  Invocation command line was

  $ ./configure

## --------- ##
## Platform. ##
## --------- ##

hostname = henrillette
uname -m = x86_64
uname -r = 6.8.0-49-generic
uname -s = Linux
uname -v = #49~22.04.1-Ubuntu SMP PREEMPT_DYNAMIC Wed Nov  6 17:42:15 UTC 2

/usr/bin/uname -p = x86_64
/bin/uname -X     = unknown

/bin/arch              = x86_64
/usr/bin/arch -k       = unknown
/usr/convex/getsysinfo = unknown
/usr/bin/hostinfo      = unknown
/bin/machine           = unknown
/usr/bin/oslevel       = unknown
/bin/universe          = unknown

PATH: /home/agathe/.nvm/versions/node/v21.7.1/bin/
PATH: /home/agathe/.cargo/bin/
PATH: /home/agathe/.local/bin/
PATH: /home/agathe/bin/
PATH: /usr/local/sbin/
PATH: /usr/local/bin/
PATH: /usr/sbin/
PATH: /usr/bin/
PATH: /sbin/
PATH: /bin/
PATH: /usr/games/
PATH: /usr/local/games/
PATH: /snap/bin/
PATH: /snap/bin/


## ----------- ##
## Core tests. ##
## ----------- ##

configure:3186: looking for aux files: config.rpath config.guess config.sub ltmain.sh compile ar-lib missing install-sh
configure:3199:  trying ./config/
configure:3228:   ./config/config.rpath found
configure:3228:   ./config/config.guess found
configure:3228:   ./config/config.sub found
configure:3228:   ./config/ltmain.sh found
configure:3228:   ./config/compile found
configure:3228:   ./config/ar-lib found
configure:3228:   ./config/missing found
configure:3210:   ./config/install-sh found
configure:3359: checking for a BSD-compatible install
configure:3432: result: /usr/bin/install -c
configure:3443: checking whether build environment is sane
configure:3498: result: yes
configure:3657: checking for a race-free mkdir -p
configure:3701: result: /usr/bin/mkdir -p
configure:3708: checking for gawk
configure:3729: found /usr/bin/gawk
configure:3740: result: gawk
configure:3751: checking whether make sets $(MAKE)
configure:3774: result: yes
configure:3804: checking whether make supports nested variables
configure:3822: result: yes
configure:3975: checking whether make supports the include directive
configure:3990: make -f confmf.GNU && cat confinc.out
this is the am__doit target
configure:3993: $? = 0
configure:4012: result: yes (GNU style)
configure:4088: checking for gcc
configure:4109: found /usr/bin/gcc
configure:4120: result: gcc
configure:4473: checking for C compiler version
configure:4482: gcc --version >&5
gcc (Ubuntu 11.4.0-1ubuntu1~22.04) 11.4.0
Copyright (C) 2021 Free Software Foundation, Inc.
This is free software; see the source for copying conditions.  There is NO
warranty; not even for MERCHANTABILITY or FITNESS FOR A PARTICULAR PURPOSE.

configure:4493: $? = 0
configure:4482: gcc -v >&5
Using built-in specs.
COLLECT_GCC=gcc
COLLECT_LTO_WRAPPER=/usr/lib/gcc/x86_64-linux-gnu/11/lto-wrapper
OFFLOAD_TARGET_NAMES=nvptx-none:amdgcn-amdhsa
OFFLOAD_TARGET_DEFAULT=1
Target: x86_64-linux-gnu
Configured with: ../src/configure -v --with-pkgversion='Ubuntu 11.4.0-1ubuntu1~22.04' --with-bugurl=file:///usr/share/doc/gcc-11/README.Bugs --enable-languages=c,ada,c++,go,brig,d,fortran,objc,obj-c++,m2 --prefix=/usr --with-gcc-major-version-only --program-suffix=-11 --program-prefix=x86_64-linux-gnu- --enable-shared --enable-linker-build-id --libexecdir=/usr/lib --without-included-gettext --enable-threads=posix --libdir=/usr/lib --enable-nls --enable-bootstrap --enable-clocale=gnu --enable-libstdcxx-debug --enable-libstdcxx-time=yes --with-default-libstdcxx-abi=new --enable-gnu-unique-object --disable-vtable-verify --enable-plugin --enable-default-pie --with-system-zlib --enable-libphobos-checking=release --with-target-system-zlib=auto --enable-objc-gc=auto --enable-multiarch --disable-werror --enable-cet --with-arch-32=i686 --with-abi=m64 --with-multilib-list=m32,m64,mx32 --enable-multilib --with-tune=generic --enable-offload-targets=nvptx-none=/build/gcc-11-XeT9lY/gcc-11-11.4.0/debian/tmp-nvptx/usr,amdgcn-amdhsa=/build/gcc-11-XeT9lY/gcc-11-11.4.0/debian/tmp-gcn/usr --without-cuda-driver --enable-checking=release --build=x86_64-linux-gnu --host=x86_64-linux-gnu --target=x86_64-linux-gnu --with-build-config=bootstrap-lto-lean --enable-link-serialization=2
Thread model: posix
Supported LTO compression algorithms: zlib zstd
gcc version 11.4.0 (Ubuntu 11.4.0-1ubuntu1~22.04) 
... rest of stderr output deleted ...
configure:4493: $? = 0
configure:4482: gcc -V >&5
gcc: error: unrecognized command-line option '-V'
gcc: fatal error: no input files
compilation terminated.
configure:4493: $? = 1
configure:4482: gcc -qversion >&5
gcc: error: unrecognized command-line option '-qversion'; did you mean '--version'?
gcc: fatal error: no input files
compilation terminated.
configure:4493: $? = 1
configure:4482: gcc -version >&5
gcc: error: unrecognized command-line option '-version'
gcc: fatal error: no input files
compilation terminated.
configure:4493: $? = 1
configure:4513: checking whether the C compiler works
configure:4535: gcc    conftest.c  >&5
configure:4539: $? = 0
configure:4589: result: yes
configure:4592: checking for C compiler default output file name
configure:4594: result: a.out
configure:4600: checking for suffix of executables
configure:4607: gcc -o conftest    conftest.c  >&5
configure:4611: $? = 0
configure:4634: result: 
configure:4656: checking whether we are cross compiling
configure:4664: gcc -o conftest    conftest.c  >&5
configure:4668: $? = 0
configure:4675: ./conftest
configure:4679: $? = 0
configure:4694: result: no
configure:4699: checking for suffix of object files
configure:4722: gcc -c   conftest.c >&5
configure:4726: $? = 0
configure:4748: result: o
configure:4752: checking whether the compiler supports GNU C
configure:4772: gcc -c   conftest.c >&5
configure:4772: $? = 0
configure:4782: result: yes
configure:4793: checking whether gcc accepts -g
configure:4814: gcc -c -g  conftest.c >&5
configure:4814: $? = 0
configure:4858: result: yes
configure:4878: checking for gcc option to enable C11 features
configure:4893: gcc  -c -g -O2  conftest.c >&5
configure:4893: $? = 0
configure:4911: result: none needed
configure:5027: checking whether gcc understands -c and -o together
configure:5050: gcc -c conftest.c -o conftest2.o
configure:5053: $? = 0
configure:5050: gcc -c conftest.c -o conftest2.o
configure:5053: $? = 0
configure:5065: result: yes
configure:5084: checking dependency style of gcc
configure:5196: result: gcc3
configure:5267: checking for ar
configure:5288: found /usr/bin/ar
configure:5299: result: ar
configure:5325: checking the archiver (ar) interface
configure:5342: gcc -c -g -O2  conftest.c >&5
configure:5342: $? = 0
configure:5345: ar cru libconftest.a conftest.o >&5
ar: `u' modifier ignored since `D' is the default (see `U')
configure:5348: $? = 0
configure:5376: result: ar
configure:5428: checking build system type
configure:5443: result: x86_64-pc-linux-gnu
configure:5463: checking host system type
configure:5477: result: x86_64-pc-linux-gnu
configure:5518: checking how to print strings
configure:5545: result: printf
configure:5566: checking for a sed that does not truncate output
configure:5636: result: /usr/bin/sed
configure:5654: checking for grep that handles long lines and -e
configure:5718: result: /usr/bin/grep
configure:5723: checking for egrep
configure:5791: result: /usr/bin/grep -E
configure:5796: checking for fgrep
configure:5864: result: /usr/bin/grep -F
configure:5900: checking for ld used by gcc
configure:5968: result: /usr/bin/ld
configure:5975: checking if the linker (/usr/bin/ld) is GNU ld
configure:5991: result: yes
configure:6003: checking for BSD- or MS-compatible name lister (nm)
configure:6058: result: /usr/bin/nm -B
configure:6198: checking the name lister (/usr/bin/nm -B) interface
configure:6206: gcc -c -g -O2  conftest.c >&5
configure:6209: /usr/bin/nm -B "conftest.o"
configure:6212: output
0000000000000000 B some_variable
configure:6219: result: BSD nm
configure:6222: checking whether ln -s works
configure:6226: result: yes
configure:6234: checking the maximum length of command line arguments
configure:6366: result: 1572864
configure:6414: checking how to convert x86_64-pc-linux-gnu file names to x86_64-pc-linux-gnu format
configure:6455: result: func_convert_file_noop
configure:6462: checking how to convert x86_64-pc-linux-gnu file names to toolchain format
configure:6483: result: func_convert_file_noop
configure:6490: checking for /usr/bin/ld option to reload object files
configure:6498: result: -r
configure:6577: checking for objdump
configure:6598: found /usr/bin/objdump
configure:6609: result: objdump
configure:6638: checking how to recognize dependent libraries
configure:6839: result: pass_all
configure:6929: checking for dlltool
configure:6964: result: no
configure:6991: checking how to associate runtime and link libraries
configure:7019: result: printf %s\n
configure:7153: checking for archiver @FILE support
configure:7171: gcc -c -g -O2  conftest.c >&5
configure:7171: $? = 0
configure:7175: ar cr libconftest.a @conftest.lst >&5
configure:7178: $? = 0
configure:7183: ar cr libconftest.a @conftest.lst >&5
ar: conftest.o: No such file or directory
configure:7186: $? = 1
configure:7198: result: @
configure:7261: checking for strip
configure:7282: found /usr/bin/strip
configure:7293: result: strip
configure:7370: checking for ranlib
configure:7391: found /usr/bin/ranlib
configure:7402: result: ranlib
configure:7504: checking command to parse /usr/bin/nm -B output from gcc object
configure:7658: gcc -c -g -O2  conftest.c >&5
configure:7661: $? = 0
configure:7665: /usr/bin/nm -B conftest.o | sed -n -e 's/^.*[	 ]\([ABCDGIRSTW][ABCDGIRSTW]*\)[	 ][	 ]*\([_A-Za-z][_A-Za-z0-9]*\)$/\1 \2 \2/p' | sed '/ __gnu_lto/d' > conftest.nm
configure:7731: gcc -o conftest -g -O2   conftest.c conftstm.o >&5
configure:7734: $? = 0
configure:7772: result: ok
configure:7819: checking for sysroot
configure:7850: result: no
configure:7857: checking for a working dd
configure:7901: result: /usr/bin/dd
configure:7905: checking how to truncate binary pipes
configure:7921: result: /usr/bin/dd bs=4096 count=1
configure:8058: gcc -c -g -O2  conftest.c >&5
configure:8061: $? = 0
configure:8258: checking for mt
configure:8279: found /usr/bin/mt
configure:8290: result: mt
configure:8313: checking if mt is a manifest tool
configure:8320: mt '-?'
configure:8328: result: no
configure:9058: checking for stdio.h
configure:9058: gcc -c -g -O2  conftest.c >&5
configure:9058: $? = 0
configure:9058: result: yes
configure:9058: checking for stdlib.h
configure:9058: gcc -c -g -O2  conftest.c >&5
configure:9058: $? = 0
configure:9058: result: yes
configure:9058: checking for string.h
configure:9058: gcc -c -g -O2  conftest.c >&5
configure:9058: $? = 0
configure:9058: result: yes
configure:9058: checking for inttypes.h
configure:9058: gcc -c -g -O2  conftest.c >&5
configure:9058: $? = 0
configure:9058: result: yes
configure:9058: checking for stdint.h
configure:9058: gcc -c -g -O2  conftest.c >&5
configure:9058: $? = 0
configure:9058: result: yes
configure:9058: checking for strings.h
configure:9058: gcc -c -g -O2  conftest.c >&5
configure:9058: $? = 0
configure:9058: result: yes
configure:9058: checking for sys/stat.h
configure:9058: gcc -c -g -O2  conftest.c >&5
configure:9058: $? = 0
configure:9058: result: yes
configure:9058: checking for sys/types.h
configure:9058: gcc -c -g -O2  conftest.c >&5
configure:9058: $? = 0
configure:9058: result: yes
configure:9058: checking for unistd.h
configure:9058: gcc -c -g -O2  conftest.c >&5
configure:9058: $? = 0
configure:9058: result: yes
configure:9058: checking for sys/param.h
configure:9058: gcc -c -g -O2  conftest.c >&5
configure:9058: $? = 0
configure:9058: result: yes
configure:9083: checking for dlfcn.h
configure:9083: gcc -c -g -O2  conftest.c >&5
configure:9083: $? = 0
configure:9083: result: yes
configure:9669: checking for objdir
configure:9685: result: .libs
configure:9949: checking if gcc supports -fno-rtti -fno-exceptions
configure:9968: gcc -c -g -O2  -fno-rtti -fno-exceptions conftest.c >&5
cc1: warning: command-line option '-fno-rtti' is valid for C++/D/ObjC++ but not for C
configure:9972: $? = 0
configure:9985: result: no
configure:10349: checking for gcc option to produce PIC
configure:10357: result: -fPIC -DPIC
configure:10365: checking if gcc PIC flag -fPIC -DPIC works
configure:10384: gcc -c -g -O2  -fPIC -DPIC -DPIC conftest.c >&5
configure:10388: $? = 0
configure:10401: result: yes
configure:10430: checking if gcc static flag -static works
configure:10459: result: yes
configure:10474: checking if gcc supports -c -o file.o
configure:10496: gcc -c -g -O2  -o out/conftest2.o conftest.c >&5
configure:10500: $? = 0
configure:10522: result: yes
configure:10530: checking if gcc supports -c -o file.o
configure:10578: result: yes
configure:10611: checking whether the gcc linker (/usr/bin/ld -m elf_x86_64) supports shared libraries
configure:11881: result: yes
configure:11918: checking whether -lc should be explicitly linked in
configure:11927: gcc -c -g -O2  conftest.c >&5
configure:11930: $? = 0
configure:11945: gcc -shared  -fPIC -DPIC conftest.o  -v -Wl,-soname -Wl,conftest -o conftest 2\>\&1 \| /usr/bin/grep  -lc  \>/dev/null 2\>\&1
configure:11948: $? = 0
configure:11962: result: no
configure:12122: checking dynamic linker characteristics
configure:12704: gcc -o conftest -g -O2   -Wl,-rpath -Wl,/foo conftest.c  >&5
configure:12704: $? = 0
configure:12955: result: GNU/Linux ld.so
configure:13077: checking how to hardcode library paths into programs
configure:13102: result: immediate
configure:13204: checking for shl_load
configure:13204: gcc -o conftest -g -O2   conftest.c  >&5
/usr/bin/ld: /tmp/ccl5N5Vp.o: in function `main':
/home/agathe/code/airsdk-samples/keyboard/deps/zbar/zbar-0.10/conftest.c:51: undefined reference to `shl_load'
collect2: error: ld returned 1 exit status
configure:13204: $? = 1
configure: failed program was:
| /* confdefs.h */
| #define PACKAGE_NAME "zbar"
| #define PACKAGE_TARNAME "zbar"
| #define PACKAGE_VERSION "0.10"
| #define PACKAGE_STRING "zbar 0.10"
| #define PACKAGE_BUGREPORT "spadix@users.sourceforge.net"
| #define PACKAGE_URL ""
| #define PACKAGE "zbar"
| #define VERSION "0.10"
| #define HAVE_STDIO_H 1
| #define HAVE_STDLIB_H 1
| #define HAVE_STRING_H 1
| #define HAVE_INTTYPES_H 1
| #define HAVE_STDINT_H 1
| #define HAVE_STRINGS_H 1
| #define HAVE_SYS_STAT_H 1
| #define HAVE_SYS_TYPES_H 1
| #define HAVE_UNISTD_H 1
| #define HAVE_SYS_PARAM_H 1
| #define STDC_HEADERS 1
| #define HAVE_DLFCN_H 1
| #define LT_OBJDIR ".libs/"
| /* end confdefs.h.  */
| /* Define shl_load to an innocuous variant, in case <limits.h> declares shl_load.
|    For example, HP-UX 11i <limits.h> declares gettimeofday.  */
| #define shl_load innocuous_shl_load
| 
| /* System header to define __stub macros and hopefully few prototypes,
|    which can conflict with char shl_load (); below.  */
| 
| #include <limits.h>
| #undef shl_load
| 
| /* Override any GCC internal prototype to avoid an error.
|    Use char because int might match the return type of a GCC
|    builtin and then its argument prototype would still apply.  */
| #ifdef __cplusplus
| extern "C"
| #endif
| char shl_load ();
| /* The GNU C library defines this for functions which it implements
|     to always fail with ENOSYS.  Some functions are actually named
|     something starting with __ and the normal name is an alias.  */
| #if defined __stub_shl_load || defined __stub___shl_load
| choke me
| #endif
| 
| int
| main (void)
| {
| return shl_load ();
|   ;
|   return 0;
| }
configure:13204: result: no
configure:13209: checking for shl_load in -ldld
configure:13232: gcc -o conftest -g -O2   conftest.c -ldld   >&5
/usr/bin/ld: cannot find -ldld: No such file or directory
collect2: error: ld returned 1 exit status
configure:13232: $? = 1
configure: failed program was:
| /* confdefs.h */
| #define PACKAGE_NAME "zbar"
| #define PACKAGE_TARNAME "zbar"
| #define PACKAGE_VERSION "0.10"
| #define PACKAGE_STRING "zbar 0.10"
| #define PACKAGE_BUGREPORT "spadix@users.sourceforge.net"
| #define PACKAGE_URL ""
| #define PACKAGE "zbar"
| #define VERSION "0.10"
| #define HAVE_STDIO_H 1
| #define HAVE_STDLIB_H 1
| #define HAVE_STRING_H 1
| #define HAVE_INTTYPES_H 1
| #define HAVE_STDINT_H 1
| #define HAVE_STRINGS_H 1
| #define HAVE_SYS_STAT_H 1
| #define HAVE_SYS_TYPES_H 1
| #define HAVE_UNISTD_H 1
| #define HAVE_SYS_PARAM_H 1
| #define STDC_HEADERS 1
| #define HAVE_DLFCN_H 1
| #define LT_OBJDIR ".libs/"
| /* end confdefs.h.  */
| 
| /* Override any GCC internal prototype to avoid an error.
|    Use char because int might match the return type of a GCC
|    builtin and then its argument prototype would still apply.  */
| char shl_load ();
| int
| main (void)
| {
| return shl_load ();
|   ;
|   return 0;
| }
configure:13242: result: no
configure:13248: checking for dlopen
configure:13248: gcc -o conftest -g -O2   conftest.c  >&5
configure:13248: $? = 0
configure:13248: result: yes
configure:13406: checking whether a program can dlopen itself
configure:13487: gcc -o conftest -g -O2  -DHAVE_DLFCN_H  -Wl,--export-dynamic conftest.c   >&5
configure:13490: $? = 0
configure:13508: result: yes
configure:13513: checking whether a statically linked program can dlopen itself
configure:13594: gcc -o conftest -g -O2  -DHAVE_DLFCN_H  -Wl,--export-dynamic -static conftest.c   >&5
/usr/bin/ld: /tmp/ccQfTrR3.o: in function `main':
/home/agathe/code/airsdk-samples/keyboard/deps/zbar/zbar-0.10/configure:13573: warning: Using 'dlopen' in statically linked applications requires at runtime the shared libraries from the glibc version used for linking
configure:13597: $? = 0
conftest: undefined symbol: _fnord
configure:13615: result: no
configure:13654: checking whether stripping libraries is possible
configure:13659: result: yes
configure:13694: checking if libtool supports shared libraries
configure:13696: result: yes
configure:13699: checking whether to build shared libraries
configure:13724: result: yes
configure:13727: checking whether to build static libraries
configure:13731: result: yes
configure:13816: checking for windres
configure:13851: result: no
configure:14060: checking for gcc
configure:14092: result: gcc
configure:14445: checking for C compiler version
configure:14454: gcc --version >&5
gcc (Ubuntu 11.4.0-1ubuntu1~22.04) 11.4.0
Copyright (C) 2021 Free Software Foundation, Inc.
This is free software; see the source for copying conditions.  There is NO
warranty; not even for MERCHANTABILITY or FITNESS FOR A PARTICULAR PURPOSE.

configure:14465: $? = 0
configure:14454: gcc -v >&5
Using built-in specs.
COLLECT_GCC=gcc
COLLECT_LTO_WRAPPER=/usr/lib/gcc/x86_64-linux-gnu/11/lto-wrapper
OFFLOAD_TARGET_NAMES=nvptx-none:amdgcn-amdhsa
OFFLOAD_TARGET_DEFAULT=1
Target: x86_64-linux-gnu
Configured with: ../src/configure -v --with-pkgversion='Ubuntu 11.4.0-1ubuntu1~22.04' --with-bugurl=file:///usr/share/doc/gcc-11/README.Bugs --enable-languages=c,ada,c++,go,brig,d,fortran,objc,obj-c++,m2 --prefix=/usr --with-gcc-major-version-only --program-suffix=-11 --program-prefix=x86_64-linux-gnu- --enable-shared --enable-linker-build-id --libexecdir=/usr/lib --without-included-gettext --enable-threads=posix --libdir=/usr/lib --enable-nls --enable-bootstrap --enable-clocale=gnu --enable-libstdcxx-debug --enable-libstdcxx-time=yes --with-default-libstdcxx-abi=new --enable-gnu-unique-object --disable-vtable-verify --enable-plugin --enable-default-pie --with-system-zlib --enable-libphobos-checking=release --with-target-system-zlib=auto --enable-objc-gc=auto --enable-multiarch --disable-werror --enable-cet --with-arch-32=i686 --with-abi=m64 --with-multilib-list=m32,m64,mx32 --enable-multilib --with-tune=generic --enable-offload-targets=nvptx-none=/build/gcc-11-XeT9lY/gcc-11-11.4.0/debian/tmp-nvptx/usr,amdgcn-amdhsa=/build/gcc-11-XeT9lY/gcc-11-11.4.0/debian/tmp-gcn/usr --without-cuda-driver --enable-checking=release --build=x86_64-linux-gnu --host=x86_64-linux-gnu --target=x86_64-linux-gnu --with-build-config=bootstrap-lto-lean --enable-link-serialization=2
Thread model: posix
Supported LTO compression algorithms: zlib zstd
gcc version 11.4.0 (Ubuntu 11.4.0-1ubuntu1~22.04) 
... rest of stderr output deleted ...
configure:14465: $? = 0
configure:14454: gcc -V >&5
gcc: error: unrecognized command-line option '-V'
gcc: fatal error: no input files
compilation terminated.
configure:14465: $? = 1
configure:14454: gcc -qversion >&5
gcc: error: unrecognized command-line option '-qversion'; did you mean '--version'?
gcc: fatal error: no input files
compilation terminated.
configure:14465: $? = 1
configure:14454: gcc -version >&5
gcc: error: unrecognized command-line option '-version'
gcc: fatal error: no input files
compilation terminated.
configure:14465: $? = 1
configure:14469: checking whether the compiler supports GNU C
configure:14499: result: yes
configure:14510: checking whether gcc accepts -g
configure:14575: result: yes
configure:14595: checking for gcc option to enable C11 features
configure:14628: result: none needed
configure:14744: checking whether gcc understands -c and -o together
configure:14782: result: yes
configure:14801: checking dependency style of gcc
configure:14913: result: gcc3
configure:14998: checking for g++
configure:15019: found /usr/bin/g++
configure:15030: result: g++
configure:15057: checking for C++ compiler version
configure:15066: g++ --version >&5
g++ (Ubuntu 11.4.0-1ubuntu1~22.04) 11.4.0
Copyright (C) 2021 Free Software Foundation, Inc.
This is free software; see the source for copying conditions.  There is NO
warranty; not even for MERCHANTABILITY or FITNESS FOR A PARTICULAR PURPOSE.

configure:15077: $? = 0
configure:15066: g++ -v >&5
Using built-in specs.
COLLECT_GCC=g++
COLLECT_LTO_WRAPPER=/usr/lib/gcc/x86_64-linux-gnu/11/lto-wrapper
OFFLOAD_TARGET_NAMES=nvptx-none:amdgcn-amdhsa
OFFLOAD_TARGET_DEFAULT=1
Target: x86_64-linux-gnu
Configured with: ../src/configure -v --with-pkgversion='Ubuntu 11.4.0-1ubuntu1~22.04' --with-bugurl=file:///usr/share/doc/gcc-11/README.Bugs --enable-languages=c,ada,c++,go,brig,d,fortran,objc,obj-c++,m2 --prefix=/usr --with-gcc-major-version-only --program-suffix=-11 --program-prefix=x86_64-linux-gnu- --enable-shared --enable-linker-build-id --libexecdir=/usr/lib --without-included-gettext --enable-threads=posix --libdir=/usr/lib --enable-nls --enable-bootstrap --enable-clocale=gnu --enable-libstdcxx-debug --enable-libstdcxx-time=yes --with-default-libstdcxx-abi=new --enable-gnu-unique-object --disable-vtable-verify --enable-plugin --enable-default-pie --with-system-zlib --enable-libphobos-checking=release --with-target-system-zlib=auto --enable-objc-gc=auto --enable-multiarch --disable-werror --enable-cet --with-arch-32=i686 --with-abi=m64 --with-multilib-list=m32,m64,mx32 --enable-multilib --with-tune=generic --enable-offload-targets=nvptx-none=/build/gcc-11-XeT9lY/gcc-11-11.4.0/debian/tmp-nvptx/usr,amdgcn-amdhsa=/build/gcc-11-XeT9lY/gcc-11-11.4.0/debian/tmp-gcn/usr --without-cuda-driver --enable-checking=release --build=x86_64-linux-gnu --host=x86_64-linux-gnu --target=x86_64-linux-gnu --with-build-config=bootstrap-lto-lean --enable-link-serialization=2
Thread model: posix
Supported LTO compression algorithms: zlib zstd
gcc version 11.4.0 (Ubuntu 11.4.0-1ubuntu1~22.04) 
... rest of stderr output deleted ...
configure:15077: $? = 0
configure:15066: g++ -V >&5
g++: error: unrecognized command-line option '-V'
g++: fatal error: no input files
compilation terminated.
configure:15077: $? = 1
configure:15066: g++ -qversion >&5
g++: error: unrecognized command-line option '-qversion'; did you mean '--version'?
g++: fatal error: no input files
compilation terminated.
configure:15077: $? = 1
configure:15081: checking whether the compiler supports GNU C++
configure:15101: g++ -c   conftest.cpp >&5
configure:15101: $? = 0
configure:15111: result: yes
configure:15122: checking whether g++ accepts -g
configure:15143: g++ -c -g  conftest.cpp >&5
configure:15143: $? = 0
configure:15187: result: yes
configure:15207: checking for g++ option to enable C++11 features
configure:15222: g++  -c -g -O2  conftest.cpp >&5
conftest.cpp: In function 'int main(int, char**)':
conftest.cpp:195:25: warning: empty parentheses were disambiguated as a function declaration [-Wvexing-parse]
  195 |   cxx11test::delegate d2();
      |                         ^~
conftest.cpp:195:25: note: remove parentheses to default-initialize a variable
  195 |   cxx11test::delegate d2();
      |                         ^~
      |                         --
conftest.cpp:195:25: note: or replace parentheses with braces to value-initialize a variable
configure:15222: $? = 0
configure:15240: result: none needed
configure:15306: checking dependency style of g++
configure:15418: result: gcc3
configure:15451: checking how to run the C++ preprocessor
configure:15473: g++ -E  conftest.cpp
configure:15473: $? = 0
configure:15488: g++ -E  conftest.cpp
conftest.cpp:29:10: fatal error: ac_nonexistent.h: No such file or directory
   29 | #include <ac_nonexistent.h>
      |          ^~~~~~~~~~~~~~~~~~
compilation terminated.
configure:15488: $? = 1
configure: failed program was:
| /* confdefs.h */
| #define PACKAGE_NAME "zbar"
| #define PACKAGE_TARNAME "zbar"
| #define PACKAGE_VERSION "0.10"
| #define PACKAGE_STRING "zbar 0.10"
| #define PACKAGE_BUGREPORT "spadix@users.sourceforge.net"
| #define PACKAGE_URL ""
| #define PACKAGE "zbar"
| #define VERSION "0.10"
| #define HAVE_STDIO_H 1
| #define HAVE_STDLIB_H 1
| #define HAVE_STRING_H 1
| #define HAVE_INTTYPES_H 1
| #define HAVE_STDINT_H 1
| #define HAVE_STRINGS_H 1
| #define HAVE_SYS_STAT_H 1
| #define HAVE_SYS_TYPES_H 1
| #define HAVE_UNISTD_H 1
| #define HAVE_SYS_PARAM_H 1
| #define STDC_HEADERS 1
| #define HAVE_DLFCN_H 1
| #define LT_OBJDIR ".libs/"
| #define ZBAR_VERSION_MAJOR 0
| #define ZBAR_VERSION_MINOR 10
| #define LIB_VERSION_MAJOR 0
| #define LIB_VERSION_MINOR 2
| #define LIB_VERSION_REVISION 0
| /* end confdefs.h.  */
| #include <ac_nonexistent.h>
configure:15515: result: g++ -E
configure:15529: g++ -E  conftest.cpp
configure:15529: $? = 0
configure:15544: g++ -E  conftest.cpp
conftest.cpp:29:10: fatal error: ac_nonexistent.h: No such file or directory
   29 | #include <ac_nonexistent.h>
      |          ^~~~~~~~~~~~~~~~~~
compilation terminated.
configure:15544: $? = 1
configure: failed program was:
| /* confdefs.h */
| #define PACKAGE_NAME "zbar"
| #define PACKAGE_TARNAME "zbar"
| #define PACKAGE_VERSION "0.10"
| #define PACKAGE_STRING "zbar 0.10"
| #define PACKAGE_BUGREPORT "spadix@users.sourceforge.net"
| #define PACKAGE_URL ""
| #define PACKAGE "zbar"
| #define VERSION "0.10"
| #define HAVE_STDIO_H 1
| #define HAVE_STDLIB_H 1
| #define HAVE_STRING_H 1
| #define HAVE_INTTYPES_H 1
| #define HAVE_STDINT_H 1
| #define HAVE_STRINGS_H 1
| #define HAVE_SYS_STAT_H 1
| #define HAVE_SYS_TYPES_H 1
| #define HAVE_UNISTD_H 1
| #define HAVE_SYS_PARAM_H 1
| #define STDC_HEADERS 1
| #define HAVE_DLFCN_H 1
| #define LT_OBJDIR ".libs/"
| #define ZBAR_VERSION_MAJOR 0
| #define ZBAR_VERSION_MINOR 10
| #define LIB_VERSION_MAJOR 0
| #define LIB_VERSION_MINOR 2
| #define LIB_VERSION_REVISION 0
| /* end confdefs.h.  */
| #include <ac_nonexistent.h>
configure:15709: checking for ld used by g++
configure:15777: result: /usr/bin/ld -m elf_x86_64
configure:15784: checking if the linker (/usr/bin/ld -m elf_x86_64) is GNU ld
configure:15800: result: yes
configure:15855: checking whether the g++ linker (/usr/bin/ld -m elf_x86_64) supports shared libraries
configure:16932: result: yes
configure:16968: g++ -c -g -O2  conftest.cpp >&5
configure:16971: $? = 0
configure:17452: checking for g++ option to produce PIC
configure:17460: result: -fPIC -DPIC
configure:17468: checking if g++ PIC flag -fPIC -DPIC works
configure:17487: g++ -c -g -O2  -fPIC -DPIC -DPIC conftest.cpp >&5
configure:17491: $? = 0
configure:17504: result: yes
configure:17527: checking if g++ static flag -static works
configure:17556: result: yes
configure:17568: checking if g++ supports -c -o file.o
configure:17590: g++ -c -g -O2  -o out/conftest2.o conftest.cpp >&5
configure:17594: $? = 0
configure:17616: result: yes
configure:17621: checking if g++ supports -c -o file.o
configure:17669: result: yes
configure:17699: checking whether the g++ linker (/usr/bin/ld -m elf_x86_64) supports shared libraries
configure:17742: result: yes
configure:17884: checking dynamic linker characteristics
configure:18644: result: GNU/Linux ld.so
configure:18709: checking how to hardcode library paths into programs
configure:18734: result: immediate
configure:18834: checking for pkg-config
configure:18857: found /usr/bin/pkg-config
configure:18869: result: /usr/bin/pkg-config
configure:18894: checking pkg-config is at least version 0.9.0
configure:18897: result: yes
configure:18912: checking for xmlto
configure:18947: result: no
configure:18968: checking whether to build EAN symbologies
configure:18989: result: yes
configure:18993: checking whether to build Code 128 symbology
configure:19014: result: yes
configure:19018: checking whether to build Code 39 symbology
configure:19039: result: yes
configure:19043: checking whether to build PDF417 symbology
configure:19064: result: no
configure:19068: checking whether to build Interleaved 2 of 5 symbology
configure:19089: result: yes
configure:19093: checking whether to build QR Code
configure:19114: result: yes
configure:19119: checking for library containing clock_gettime
configure:19149: gcc -o conftest -g -O2   conftest.c  >&5
configure:19149: $? = 0
configure:19169: result: none required
configure:19218: checking for ld
configure:19349: result: /usr/bin/ld -m elf_x86_64
configure:19356: checking if the linker (/usr/bin/ld -m elf_x86_64) is GNU ld
configure:19372: result: yes
configure:19380: checking for shared library run path origin
configure:19394: result: done
configure:19416: checking 32-bit host C ABI
configure:19483: gcc -c -g -O2  conftest.c >&5
configure:19483: $? = 0
configure:19679: result: no
configure:19689: checking how to run the C preprocessor
configure:19715: gcc -E  conftest.c
configure:19715: $? = 0
configure:19730: gcc -E  conftest.c
conftest.c:34:10: fatal error: ac_nonexistent.h: No such file or directory
   34 | #include <ac_nonexistent.h>
      |          ^~~~~~~~~~~~~~~~~~
compilation terminated.
configure:19730: $? = 1
configure: failed program was:
| /* confdefs.h */
| #define PACKAGE_NAME "zbar"
| #define PACKAGE_TARNAME "zbar"
| #define PACKAGE_VERSION "0.10"
| #define PACKAGE_STRING "zbar 0.10"
| #define PACKAGE_BUGREPORT "spadix@users.sourceforge.net"
| #define PACKAGE_URL ""
| #define PACKAGE "zbar"
| #define VERSION "0.10"
| #define HAVE_STDIO_H 1
| #define HAVE_STDLIB_H 1
| #define HAVE_STRING_H 1
| #define HAVE_INTTYPES_H 1
| #define HAVE_STDINT_H 1
| #define HAVE_STRINGS_H 1
| #define HAVE_SYS_STAT_H 1
| #define HAVE_SYS_TYPES_H 1
| #define HAVE_UNISTD_H 1
| #define HAVE_SYS_PARAM_H 1
| #define STDC_HEADERS 1
| #define HAVE_DLFCN_H 1
| #define LT_OBJDIR ".libs/"
| #define ZBAR_VERSION_MAJOR 0
| #define ZBAR_VERSION_MINOR 10
| #define LIB_VERSION_MAJOR 0
| #define LIB_VERSION_MINOR 2
| #define LIB_VERSION_REVISION 0
| #define ENABLE_EAN 1
| #define ENABLE_CODE128 1
| #define ENABLE_CODE39 1
| #define ENABLE_I25 1
| #define ENABLE_QRCODE 1
| /* end confdefs.h.  */
| #include <ac_nonexistent.h>
configure:19757: result: gcc -E
configure:19771: gcc -E  conftest.c
configure:19771: $? = 0
configure:19786: gcc -E  conftest.c
conftest.c:34:10: fatal error: ac_nonexistent.h: No such file or directory
   34 | #include <ac_nonexistent.h>
      |          ^~~~~~~~~~~~~~~~~~
compilation terminated.
configure:19786: $? = 1
configure: failed program was:
| /* confdefs.h */
| #define PACKAGE_NAME "zbar"
| #define PACKAGE_TARNAME "zbar"
| #define PACKAGE_VERSION "0.10"
| #define PACKAGE_STRING "zbar 0.10"
| #define PACKAGE_BUGREPORT "spadix@users.sourceforge.net"
| #define PACKAGE_URL ""
| #define PACKAGE "zbar"
| #define VERSION "0.10"
| #define HAVE_STDIO_H 1
| #define HAVE_STDLIB_H 1
| #define HAVE_STRING_H 1
| #define HAVE_INTTYPES_H 1
| #define HAVE_STDINT_H 1
| #define HAVE_STRINGS_H 1
| #define HAVE_SYS_STAT_H 1
| #define HAVE_SYS_TYPES_H 1
| #define HAVE_UNISTD_H 1
| #define HAVE_SYS_PARAM_H 1
| #define STDC_HEADERS 1
| #define HAVE_DLFCN_H 1
| #define LT_OBJDIR ".libs/"
| #define ZBAR_VERSION_MAJOR 0
| #define ZBAR_VERSION_MINOR 10
| #define LIB_VERSION_MAJOR 0
| #define LIB_VERSION_MINOR 2
| #define LIB_VERSION_REVISION 0
| #define ENABLE_EAN 1
| #define ENABLE_CODE128 1
| #define ENABLE_CODE39 1
| #define ENABLE_I25 1
| #define ENABLE_QRCODE 1
| /* end confdefs.h.  */
| #include <ac_nonexistent.h>
configure:19821: checking for ELF binary format
configure:19845: result: yes
configure:19894: checking for the common suffixes of directories in the library search path
configure:19963: result: lib,lib,lib64
configure:20488: checking for iconv
configure:20513: gcc -o conftest -g -O2   conftest.c  >&5
configure:20513: $? = 0
configure:20549: result: yes
configure:20552: checking for working iconv
configure:20695: gcc -o conftest -g -O2   conftest.c  >&5
configure:20695: $? = 0
configure:20695: ./conftest
configure:20695: $? = 0
configure:20708: result: yes
configure:20736: checking for iconv declaration
configure:20766: gcc -c -g -O2  conftest.c >&5
configure:20766: $? = 0
configure:20777: result:
         extern size_t iconv (iconv_t cd, char * *inbuf, size_t *inbytesleft, char * *outbuf, size_t *outbytesleft);
configure:20793: checking for poll.h
configure:20793: gcc -c -g -O2  conftest.c >&5
configure:20793: $? = 0
configure:20793: result: yes
configure:20832: checking for pthread.h
configure:20832: gcc -c -g -O2  conftest.c >&5
configure:20832: $? = 0
configure:20832: result: yes
configure:20846: checking for pthread_create in -lpthread
configure:20869: gcc -o conftest -g -O2   conftest.c -lpthread   >&5
configure:20869: $? = 0
configure:20879: result: yes
configure:20918: checking for linux/videodev.h
configure:20918: gcc -c -g -O2  conftest.c >&5
conftest.c:68:10: fatal error: linux/videodev.h: No such file or directory
   68 | #include <linux/videodev.h>
      |          ^~~~~~~~~~~~~~~~~~
compilation terminated.
configure:20918: $? = 1
configure: failed program was:
| /* confdefs.h */
| #define PACKAGE_NAME "zbar"
| #define PACKAGE_TARNAME "zbar"
| #define PACKAGE_VERSION "0.10"
| #define PACKAGE_STRING "zbar 0.10"
| #define PACKAGE_BUGREPORT "spadix@users.sourceforge.net"
| #define PACKAGE_URL ""
| #define PACKAGE "zbar"
| #define VERSION "0.10"
| #define HAVE_STDIO_H 1
| #define HAVE_STDLIB_H 1
| #define HAVE_STRING_H 1
| #define HAVE_INTTYPES_H 1
| #define HAVE_STDINT_H 1
| #define HAVE_STRINGS_H 1
| #define HAVE_SYS_STAT_H 1
| #define HAVE_SYS_TYPES_H 1
| #define HAVE_UNISTD_H 1
| #define HAVE_SYS_PARAM_H 1
| #define STDC_HEADERS 1
| #define HAVE_DLFCN_H 1
| #define LT_OBJDIR ".libs/"
| #define ZBAR_VERSION_MAJOR 0
| #define ZBAR_VERSION_MINOR 10
| #define LIB_VERSION_MAJOR 0
| #define LIB_VERSION_MINOR 2
| #define LIB_VERSION_REVISION 0
| #define ENABLE_EAN 1
| #define ENABLE_CODE128 1
| #define ENABLE_CODE39 1
| #define ENABLE_I25 1
| #define ENABLE_QRCODE 1
| #define HAVE_ICONV 1
| #define ICONV_CONST 
| #define HAVE_POLL_H 1
| #define HAVE_PTHREAD_H 1
| #define HAVE_LIBPTHREAD 1
| #define __USE_UNIX98 1
| /* end confdefs.h.  */
| #include <stddef.h>
| #ifdef HAVE_STDIO_H
| # include <stdio.h>
| #endif
| #ifdef HAVE_STDLIB_H
| # include <stdlib.h>
| #endif
| #ifdef HAVE_STRING_H
| # include <string.h>
| #endif
| #ifdef HAVE_INTTYPES_H
| # include <inttypes.h>
| #endif
| #ifdef HAVE_STDINT_H
| # include <stdint.h>
| #endif
| #ifdef HAVE_STRINGS_H
| # include <strings.h>
| #endif
| #ifdef HAVE_SYS_TYPES_H
| # include <sys/types.h>
| #endif
| #ifdef HAVE_SYS_STAT_H
| # include <sys/stat.h>
| #endif
| #ifdef HAVE_UNISTD_H
| # include <unistd.h>
| #endif
| #include <linux/videodev.h>
configure:20918: result: no
configure:20924: error: in `/home/agathe/code/airsdk-samples/keyboard/deps/zbar/zbar-0.10':
configure:20926: error: test for video support failed!
rebuild your kernel to include video4linux support or
configure --disable-video to skip building video support.
See `config.log' for more details

## ---------------- ##
## Cache variables. ##
## ---------------- ##

ac_cv_build=x86_64-pc-linux-gnu
ac_cv_c_compiler_gnu=yes
ac_cv_cxx_compiler_gnu=yes
ac_cv_env_CCC_set=
ac_cv_env_CCC_value=
ac_cv_env_CC_set=
ac_cv_env_CC_value=
ac_cv_env_CFLAGS_set=
ac_cv_env_CFLAGS_value=
ac_cv_env_CPPFLAGS_set=
ac_cv_env_CPPFLAGS_value=
ac_cv_env_CPP_set=
ac_cv_env_CPP_value=
ac_cv_env_CXXCPP_set=
ac_cv_env_CXXCPP_value=
ac_cv_env_CXXFLAGS_set=
ac_cv_env_CXXFLAGS_value=
ac_cv_env_CXX_set=
ac_cv_env_CXX_value=
ac_cv_env_GLIB_GENMARSHAL_set=
ac_cv_env_GLIB_GENMARSHAL_value=
ac_cv_env_GTK_CFLAGS_set=
ac_cv_env_GTK_CFLAGS_value=
ac_cv_env_GTK_LIBS_set=
ac_cv_env_GTK_LIBS_value=
ac_cv_env_LDFLAGS_set=
ac_cv_env_LDFLAGS_value=
ac_cv_env_LIBS_set=
ac_cv_env_LIBS_value=
ac_cv_env_LT_SYS_LIBRARY_PATH_set=
ac_cv_env_LT_SYS_LIBRARY_PATH_value=
ac_cv_env_MAGICK_CFLAGS_set=
ac_cv_env_MAGICK_CFLAGS_value=
ac_cv_env_MAGICK_LIBS_set=
ac_cv_env_MAGICK_LIBS_value=
ac_cv_env_MOC_set=
ac_cv_env_MOC_value=
ac_cv_env_NPAPI_CFLAGS_set=
ac_cv_env_NPAPI_CFLAGS_value=
ac_cv_env_NPAPI_LIBS_set=
ac_cv_env_NPAPI_LIBS_value=
ac_cv_env_PKG_CONFIG_LIBDIR_set=
ac_cv_env_PKG_CONFIG_LIBDIR_value=
ac_cv_env_PKG_CONFIG_PATH_set=
ac_cv_env_PKG_CONFIG_PATH_value=
ac_cv_env_PKG_CONFIG_set=
ac_cv_env_PKG_CONFIG_value=
ac_cv_env_PYGTK_CFLAGS_set=
ac_cv_env_PYGTK_CFLAGS_value=
ac_cv_env_PYGTK_CODEGEN_set=
ac_cv_env_PYGTK_CODEGEN_value=
ac_cv_env_PYGTK_DEFS_set=
ac_cv_env_PYGTK_DEFS_value=
ac_cv_env_PYGTK_H2DEF_set=
ac_cv_env_PYGTK_H2DEF_value=
ac_cv_env_PYGTK_LIBS_set=
ac_cv_env_PYGTK_LIBS_value=
ac_cv_env_PYTHON_CFLAGS_set=
ac_cv_env_PYTHON_CFLAGS_value=
ac_cv_env_PYTHON_CONFIG_set=
ac_cv_env_PYTHON_CONFIG_value=
ac_cv_env_PYTHON_LIBS_set=
ac_cv_env_PYTHON_LIBS_value=
ac_cv_env_PYTHON_set=
ac_cv_env_PYTHON_value=
ac_cv_env_QT_CFLAGS_set=
ac_cv_env_QT_CFLAGS_value=
ac_cv_env_QT_LIBS_set=
ac_cv_env_QT_LIBS_value=
ac_cv_env_XMKMF_set=
ac_cv_env_XMKMF_value=
ac_cv_env_XMLTOFLAGS_set=
ac_cv_env_XMLTOFLAGS_value=
ac_cv_env_XMLTO_set=
ac_cv_env_XMLTO_value=
ac_cv_env_XSHM_LIBS_set=
ac_cv_env_XSHM_LIBS_value=
ac_cv_env_XV_LIBS_set=
ac_cv_env_XV_LIBS_value=
ac_cv_env_build_alias_set=
ac_cv_env_build_alias_value=
ac_cv_env_host_alias_set=
ac_cv_env_host_alias_value=
ac_cv_env_target_alias_set=
ac_cv_env_target_alias_value=
ac_cv_func_dlopen=yes
ac_cv_func_shl_load=no
ac_cv_header_dlfcn_h=yes
ac_cv_header_inttypes_h=yes
ac_cv_header_linux_videodev_h=no
ac_cv_header_poll_h=yes
ac_cv_header_pthread_h=yes
ac_cv_header_stdint_h=yes
ac_cv_header_stdio_h=yes
ac_cv_header_stdlib_h=yes
ac_cv_header_string_h=yes
ac_cv_header_strings_h=yes
ac_cv_header_sys_param_h=yes
ac_cv_header_sys_stat_h=yes
ac_cv_header_sys_types_h=yes
ac_cv_header_unistd_h=yes
ac_cv_host=x86_64-pc-linux-gnu
ac_cv_lib_dld_shl_load=no
ac_cv_lib_pthread_pthread_create=yes
ac_cv_objext=o
ac_cv_path_EGREP='/usr/bin/grep -E'
ac_cv_path_FGREP='/usr/bin/grep -F'
ac_cv_path_GREP=/usr/bin/grep
ac_cv_path_SED=/usr/bin/sed
ac_cv_path_ac_pt_PKG_CONFIG=/usr/bin/pkg-config
ac_cv_path_install='/usr/bin/install -c'
ac_cv_path_lt_DD=/usr/bin/dd
ac_cv_path_mkdir=/usr/bin/mkdir
ac_cv_prog_AWK=gawk
ac_cv_prog_CPP='gcc -E'
ac_cv_prog_CXXCPP='g++ -E'
ac_cv_prog_ac_ct_AR=ar
ac_cv_prog_ac_ct_CC=gcc
ac_cv_prog_ac_ct_CXX=g++
ac_cv_prog_ac_ct_MANIFEST_TOOL=mt
ac_cv_prog_ac_ct_OBJDUMP=objdump
ac_cv_prog_ac_ct_RANLIB=ranlib
ac_cv_prog_ac_ct_STRIP=strip
ac_cv_prog_cc_c11=
ac_cv_prog_cc_g=yes
ac_cv_prog_cc_stdc=
ac_cv_prog_cxx_11=no
ac_cv_prog_cxx_cxx11=
ac_cv_prog_cxx_g=yes
ac_cv_prog_cxx_stdcxx=
ac_cv_prog_make_make_set=yes
ac_cv_search_clock_gettime='none required'
acl_cv_hardcode_direct=no
acl_cv_hardcode_libdir_flag_spec='${wl}-rpath ${wl}$libdir'
acl_cv_hardcode_libdir_separator=
acl_cv_hardcode_minus_L=no
acl_cv_libdirstems=lib,lib,lib64
acl_cv_libext=a
acl_cv_libname_spec='lib$name'
acl_cv_library_names_spec='$libname$shrext'
acl_cv_prog_gnu_ld=yes
acl_cv_rpath=done
acl_cv_shlibext=so
acl_cv_wl=-Wl,
am_cv_CC_dependencies_compiler_type=gcc3
am_cv_CXX_dependencies_compiler_type=gcc3
am_cv_ar_interface=ar
am_cv_func_iconv=yes
am_cv_func_iconv_works=yes
am_cv_lib_iconv=no
am_cv_make_support_nested_variables=yes
am_cv_prog_cc_c_o=yes
am_cv_proto_iconv='extern size_t iconv (iconv_t cd, char * *inbuf, size_t *inbytesleft, char * *outbuf, size_t *outbytesleft);'
am_cv_proto_iconv_arg1=
gl_cv_elf=yes
gl_cv_host_cpu_c_abi_32bit=no
lt_cv_ar_at_file=@
lt_cv_archive_cmds_need_lc=no
lt_cv_deplibs_check_method=pass_all
lt_cv_dlopen=dlopen
lt_cv_dlopen_libs=
lt_cv_dlopen_self=yes
lt_cv_dlopen_self_static=no
lt_cv_file_magic_cmd='$MAGIC_CMD'
lt_cv_file_magic_test_file=
lt_cv_ld_reload_flag=-r
lt_cv_nm_interface='BSD nm'
lt_cv_objdir=.libs
lt_cv_path_LD=/usr/bin/ld
lt_cv_path_LDCXX='/usr/bin/ld -m elf_x86_64'
lt_cv_path_NM='/usr/bin/nm -B'
lt_cv_path_mainfest_tool=no
lt_cv_prog_compiler_c_o=yes
lt_cv_prog_compiler_c_o_CXX=yes
lt_cv_prog_compiler_c_o_RC=yes
lt_cv_prog_compiler_pic='-fPIC -DPIC'
lt_cv_prog_compiler_pic_CXX='-fPIC -DPIC'
lt_cv_prog_compiler_pic_works=yes
lt_cv_prog_compiler_pic_works_CXX=yes
lt_cv_prog_compiler_rtti_exceptions=no
lt_cv_prog_compiler_static_works=yes
lt_cv_prog_compiler_static_works_CXX=yes
lt_cv_prog_gnu_ld=yes
lt_cv_prog_gnu_ldcxx=yes
lt_cv_sharedlib_from_linklib_cmd='printf %s\n'
lt_cv_shlibpath_overrides_runpath=yes
lt_cv_sys_global_symbol_pipe='sed -n -e '\''s/^.*[	 ]\([ABCDGIRSTW][ABCDGIRSTW]*\)[	 ][	 ]*\([_A-Za-z][_A-Za-z0-9]*\)$/\1 \2 \2/p'\'' | sed '\''/ __gnu_lto/d'\'''
lt_cv_sys_global_symbol_to_c_name_address='sed -n -e '\''s/^: \(.*\) .*$/  {"\1", (void *) 0},/p'\'' -e '\''s/^[ABCDGIRSTW][ABCDGIRSTW]* .* \(.*\)$/  {"\1", (void *) \&\1},/p'\'''
lt_cv_sys_global_symbol_to_c_name_address_lib_prefix='sed -n -e '\''s/^: \(.*\) .*$/  {"\1", (void *) 0},/p'\'' -e '\''s/^[ABCDGIRSTW][ABCDGIRSTW]* .* \(lib.*\)$/  {"\1", (void *) \&\1},/p'\'' -e '\''s/^[ABCDGIRSTW][ABCDGIRSTW]* .* \(.*\)$/  {"lib\1", (void *) \&\1},/p'\'''
lt_cv_sys_global_symbol_to_cdecl='sed -n -e '\''s/^T .* \(.*\)$/extern int \1();/p'\'' -e '\''s/^[ABCDGIRSTW][ABCDGIRSTW]* .* \(.*\)$/extern char \1;/p'\'''
lt_cv_sys_global_symbol_to_import=
lt_cv_sys_max_cmd_len=1572864
lt_cv_to_host_file_cmd=func_convert_file_noop
lt_cv_to_tool_file_cmd=func_convert_file_noop
lt_cv_truncate_bin='/usr/bin/dd bs=4096 count=1'

## ----------------- ##
## Output variables. ##
## ----------------- ##

ACLOCAL='${SHELL} '\''/home/agathe/code/airsdk-samples/keyboard/deps/zbar/zbar-0.10/config/missing'\'' aclocal-1.16'
AMDEPBACKSLASH='\'
AMDEP_FALSE='#'
AMDEP_TRUE=''
AMTAR='$${TAR-tar}'
AM_BACKSLASH='\'
AM_DEFAULT_V='$(AM_DEFAULT_VERBOSITY)'
AM_DEFAULT_VERBOSITY='1'
AM_V='$(V)'
AR='ar'
AS='as'
AUTOCONF='${SHELL} '\''/home/agathe/code/airsdk-samples/keyboard/deps/zbar/zbar-0.10/config/missing'\'' autoconf'
AUTOHEADER='${SHELL} '\''/home/agathe/code/airsdk-samples/keyboard/deps/zbar/zbar-0.10/config/missing'\'' autoheader'
AUTOMAKE='${SHELL} '\''/home/agathe/code/airsdk-samples/keyboard/deps/zbar/zbar-0.10/config/missing'\'' automake-1.16'
AWK='gawk'
CC='gcc'
CCDEPMODE='depmode=gcc3'
CFLAGS='-g -O2'
CPP='gcc -E'
CPPFLAGS=''
CSCOPE='cscope'
CTAGS='ctags'
CXX='g++'
CXXCPP='g++ -E'
CXXDEPMODE='depmode=gcc3'
CXXFLAGS='-g -O2'
CYGPATH_W='echo'
DEFS=''
DEPDIR='.deps'
DLLTOOL='false'
DSYMUTIL=''
DUMPBIN=''
ECHO_C=''
ECHO_N='-n'
ECHO_T=''
EGREP='/usr/bin/grep -E'
ENABLE_CODE128_FALSE='#'
ENABLE_CODE128_TRUE=''
ENABLE_CODE39_FALSE='#'
ENABLE_CODE39_TRUE=''
ENABLE_EAN_FALSE='#'
ENABLE_EAN_TRUE=''
ENABLE_I25_FALSE='#'
ENABLE_I25_TRUE=''
ENABLE_PDF417_FALSE=''
ENABLE_PDF417_TRUE='#'
ENABLE_QRCODE_FALSE='#'
ENABLE_QRCODE_TRUE=''
ETAGS='etags'
EXEEXT=''
FGREP='/usr/bin/grep -F'
GLIB_GENMARSHAL=''
GREP='/usr/bin/grep'
GTK_CFLAGS=''
GTK_LIBS=''
HAVE_GTK_FALSE=''
HAVE_GTK_TRUE=''
HAVE_JPEG_FALSE=''
HAVE_JPEG_TRUE=''
HAVE_MAGICK_FALSE=''
HAVE_MAGICK_TRUE=''
HAVE_NPAPI_FALSE=''
HAVE_NPAPI_TRUE=''
HAVE_POLL_FALSE='#'
HAVE_POLL_TRUE=''
HAVE_PYTHON_FALSE=''
HAVE_PYTHON_TRUE=''
HAVE_QT_FALSE=''
HAVE_QT_TRUE=''
HAVE_V4L1_FALSE=''
HAVE_V4L1_TRUE=''
HAVE_V4L2_FALSE=''
HAVE_V4L2_TRUE=''
HAVE_VIDEO_FALSE=''
HAVE_VIDEO_TRUE=''
HAVE_XSHM_FALSE=''
HAVE_XSHM_TRUE=''
HAVE_XV_FALSE=''
HAVE_XV_TRUE=''
HAVE_X_FALSE=''
HAVE_X_TRUE=''
INSTALL_DATA='${INSTALL} -m 644'
INSTALL_PROGRAM='${INSTALL}'
INSTALL_SCRIPT='${INSTALL}'
INSTALL_STRIP_PROGRAM='$(install_sh) -c -s'
LD='/usr/bin/ld -m elf_x86_64'
LDFLAGS=''
LIBICONV=''
LIBOBJS=''
LIBS='-lpthread '
LIBTOOL='$(SHELL) $(top_builddir)/libtool'
LIB_VERSION='2:0:2'
LIPO=''
LN_S='ln -s'
LTLIBICONV=''
LTLIBOBJS=''
LT_SYS_LIBRARY_PATH=''
MAGICK_CFLAGS=''
MAGICK_LIBS=''
MAKEINFO='${SHELL} '\''/home/agathe/code/airsdk-samples/keyboard/deps/zbar/zbar-0.10/config/missing'\'' makeinfo'
MANIFEST_TOOL=':'
MKDIR_P='/usr/bin/mkdir -p'
MOC=''
NM='/usr/bin/nm -B'
NMEDIT=''
NPAPI_CFLAGS=''
NPAPI_LIBS=''
OBJDUMP='objdump'
OBJEXT='o'
OTOOL64=''
OTOOL=''
PACKAGE='zbar'
PACKAGE_BUGREPORT='spadix@users.sourceforge.net'
PACKAGE_NAME='zbar'
PACKAGE_STRING='zbar 0.10'
PACKAGE_TARNAME='zbar'
PACKAGE_URL=''
PACKAGE_VERSION='0.10'
PATH_SEPARATOR=':'
PKG_CONFIG='/usr/bin/pkg-config'
PKG_CONFIG_LIBDIR=''
PKG_CONFIG_PATH=''
PYGTK_CFLAGS=''
PYGTK_CODEGEN=''
PYGTK_DEFS=''
PYGTK_H2DEF=''
PYGTK_LIBS=''
PYTHON=''
PYTHON_CFLAGS=''
PYTHON_CONFIG=''
PYTHON_EXEC_PREFIX=''
PYTHON_LIBS=''
PYTHON_PLATFORM=''
PYTHON_PREFIX=''
PYTHON_VERSION=''
QT_CFLAGS=''
QT_LIBS=''
RANLIB='ranlib'
RC=''
RELDATE='2009-10-23'
SED='/usr/bin/sed'
SET_MAKE=''
SHELL='/bin/bash'
STRIP='strip'
VERSION='0.10'
WIN32_FALSE=''
WIN32_TRUE='#'
XMKMF=''
XMLTO=':'
XMLTOFLAGS=''
XSHM_LIBS=''
XV_LIBS=''
X_CFLAGS=''
X_EXTRA_LIBS=''
X_LIBS=''
X_PRE_LIBS=''
ZGTK_LIB_VERSION='0:2:0'
ZQT_LIB_VERSION='0:2:0'
ac_ct_AR='ar'
ac_ct_CC='gcc'
ac_ct_CXX='g++'
ac_ct_DUMPBIN=''
am__EXEEXT_FALSE=''
am__EXEEXT_TRUE=''
am__fastdepCC_FALSE='#'
am__fastdepCC_TRUE=''
am__fastdepCXX_FALSE='#'
am__fastdepCXX_TRUE=''
am__include='include'
am__isrc=''
am__leading_dot='.'
am__nodep='_no'
am__quote=''
am__tar='$${TAR-tar} chof - "$$tardir"'
am__untar='$${TAR-tar} xf -'
bindir='${exec_prefix}/bin'
build='x86_64-pc-linux-gnu'
build_alias=''
build_cpu='x86_64'
build_os='linux-gnu'
build_vendor='pc'
datadir='${datarootdir}'
datarootdir='${prefix}/share'
docdir='${datarootdir}/doc/${PACKAGE_TARNAME}'
dvidir='${docdir}'
exec_prefix='NONE'
host='x86_64-pc-linux-gnu'
host_alias=''
host_cpu='x86_64'
host_os='linux-gnu'
host_vendor='pc'
htmldir='${docdir}'
includedir='${prefix}/include'
infodir='${datarootdir}/info'
install_sh='${SHELL} /home/agathe/code/airsdk-samples/keyboard/deps/zbar/zbar-0.10/config/install-sh'
libdir='${exec_prefix}/lib'
libexecdir='${exec_prefix}/libexec'
localedir='${datarootdir}/locale'
localstatedir='${prefix}/var'
mandir='${datarootdir}/man'
mkdir_p='$(MKDIR_P)'
oldincludedir='/usr/include'
pdfdir='${docdir}'
pkgpyexecdir=''
pkgpythondir=''
prefix='NONE'
program_transform_name='s,x,x,'
psdir='${docdir}'
pyexecdir=''
pythondir=''
runstatedir='${localstatedir}/run'
sbindir='${exec_prefix}/sbin'
sharedstatedir='${prefix}/com'
sysconfdir='${prefix}/etc'
target_alias=''

## ----------- ##
## confdefs.h. ##
## ----------- ##

/* confdefs.h */
#define PACKAGE_NAME "zbar"
#define PACKAGE_TARNAME "zbar"
#define PACKAGE_VERSION "0.10"
#define PACKAGE_STRING "zbar 0.10"
#define PACKAGE_BUGREPORT "spadix@users.sourceforge.net"
#define PACKAGE_URL ""
#define PACKAGE "zbar"
#define VERSION "0.10"
#define HAVE_STDIO_H 1
#define HAVE_STDLIB_H 1
#define HAVE_STRING_H 1
#define HAVE_INTTYPES_H 1
#define HAVE_STDINT_H 1
#define HAVE_STRINGS_H 1
#define HAVE_SYS_STAT_H 1
#define HAVE_SYS_TYPES_H 1
#define HAVE_UNISTD_H 1
#define HAVE_SYS_PARAM_H 1
#define STDC_HEADERS 1
#define HAVE_DLFCN_H 1
#define LT_OBJDIR ".libs/"
#define ZBAR_VERSION_MAJOR 0
#define ZBAR_VERSION_MINOR 10
#define LIB_VERSION_MAJOR 0
#define LIB_VERSION_MINOR 2
#define LIB_VERSION_REVISION 0
#define ENABLE_EAN 1
#define ENABLE_CODE128 1
#define ENABLE_CODE39 1
#define ENABLE_I25 1
#define ENABLE_QRCODE 1
#define HAVE_ICONV 1
#define ICONV_CONST 
#define HAVE_POLL_H 1
#define HAVE_PTHREAD_H 1
#define HAVE_LIBPTHREAD 1
#define __USE_UNIX98 1

configure: exit 1
